Arguments: 
  C:\Program Files\nodejs\node.exe C:\Users\Administrator\AppData\Roaming\npm\node_modules\yarn\bin\yarn.js add jquery

PATH: 
  C:\Windows\system32;C:\Windows;C:\Windows\System32\Wbem;C:\Windows\System32\WindowsPowerShell\v1.0\;D:\git\Git\cmd;C:\Program Files\nodejs\;C:\Users\Administrator\AppData\Roaming\npm;D:\vs code\Microsoft VS Code\bin

Yarn version: 
  1.9.4

Node version: 
  8.11.4

Platform: 
  win32 x64

Trace: 
  Error: read ECONNRESET
      at _errnoException (util.js:992:11)
      at TLSWrap.onread (net.js:618:25)

npm manifest: 
  No manifest

yarn manifest: 
  No manifest

Lockfile: 
  No lockfile
